<?xml version="1.0" encoding="UTF-8"?>
<testng-results skipped="0" failed="0" total="0" passed="0">
  <reporter-output>
  </reporter-output>
  <suite name="autotrader.website.AppTest" duration-ms="2" started-at="2017-07-10T17:19:12Z" finished-at="2017-07-10T17:19:12Z">
    <groups>
    </groups>
    <test name="Command line test" duration-ms="2" started-at="2017-07-10T17:19:12Z" finished-at="2017-07-10T17:19:12Z">
    </test> <!-- Command line test -->
  </suite> <!-- autotrader.website.AppTest -->
</testng-results>
