<?xml version="1.0" encoding="UTF-8"?>
<!-- Generated by org.testng.reporters.JUnitXMLReporter -->
<testsuite hostname="azim" name="Default test" tests="6" failures="0" timestamp="10 Jul 2017 14:26:11 GMT" time="29.575" errors="0">
  <testcase name="testCarSearchRadius" time="0.185" classname="autotrader.tests.App"/>
  <testcase name="testTitle" time="0.007" classname="autotrader.tests.App"/>
  <testcase name="testCarSearchMake" time="0.454" classname="autotrader.tests.App"/>
  <testcase name="testCarSearchModel" time="0.507" classname="autotrader.tests.App"/>
  <testcase name="testCarSearchMaxPrice" time="0.429" classname="autotrader.tests.App"/>
  <testcase name="testCarPostcode" time="17.012" classname="autotrader.tests.App"/>
</testsuite> <!-- Default test -->
